[16:45:15] [ServerMain/INFO]: Environment: authHost='https://authserver.mojang.com', accountsHost='https://api.mojang.com', sessionHost='https://sessionserver.mojang.com', servicesHost='https://api.minecraftservices.com', name='PROD'
[16:45:15] [ServerMain/INFO]: Loaded 7 recipes
[16:45:16] [ServerMain/INFO]: Loaded 1179 advancements
[16:45:16] [Server thread/INFO]: Starting minecraft server version 1.19.4
[16:45:16] [Server thread/INFO]: Loading properties
[16:45:16] [Server thread/INFO]: Default game type: SURVIVAL
[16:45:16] [Server thread/INFO]: Generating keypair
[16:45:16] [Server console handler/ERROR]: Exception handling console input
java.io.IOException: The handle is invalid
	at java.io.FileInputStream.readBytes(Native Method) ~[?:?]
	at java.io.FileInputStream.read(FileInputStream.java:276) ~[?:?]
	at java.io.BufferedInputStream.read1(BufferedInputStream.java:282) ~[?:?]
	at java.io.BufferedInputStream.read(BufferedInputStream.java:343) ~[?:?]
	at sun.nio.cs.StreamDecoder.readBytes(StreamDecoder.java:270) ~[?:?]
	at sun.nio.cs.StreamDecoder.implRead(StreamDecoder.java:313) ~[?:?]
	at sun.nio.cs.StreamDecoder.read(StreamDecoder.java:188) ~[?:?]
	at java.io.InputStreamReader.read(InputStreamReader.java:177) ~[?:?]
	at java.io.BufferedReader.fill(BufferedReader.java:162) ~[?:?]
	at java.io.BufferedReader.readLine(BufferedReader.java:329) ~[?:?]
	at java.io.BufferedReader.readLine(BufferedReader.java:396) ~[?:?]
	at ahq$1.run(SourceFile:89) ~[server-1.19.4.jar:?]
[16:45:16] [Server thread/INFO]: Starting Minecraft server on *:25565
[16:45:16] [Server thread/INFO]: Using default channel type
[16:45:16] [Server thread/INFO]: Preparing level "world"
[16:45:17] [Server thread/INFO]: Preparing start region for dimension minecraft:overworld
[16:45:18] [Worker-Main-11/INFO]: Preparing spawn area: 0%
[16:45:18] [Worker-Main-11/INFO]: Preparing spawn area: 0%
[16:45:18] [Worker-Main-11/INFO]: Preparing spawn area: 0%
[16:45:19] [Worker-Main-12/INFO]: Preparing spawn area: 0%
[16:45:19] [Worker-Main-14/INFO]: Preparing spawn area: 68%
[16:45:19] [Server thread/INFO]: Time elapsed: 2150 ms
[16:45:19] [Server thread/INFO]: Done (2.812s)! For help, type "help"
[16:53:31] [Server thread/INFO]: Stopping the server
[16:53:31] [Server thread/INFO]: Stopping server
[16:53:31] [Server thread/INFO]: Saving players
[16:53:31] [Server thread/INFO]: Saving worlds
[16:53:32] [Server thread/INFO]: Saving chunks for level 'ServerLevel[New World]'/minecraft:overworld
[16:53:32] [Server thread/INFO]: Saving chunks for level 'ServerLevel[New World]'/minecraft:the_nether
[16:53:32] [Server thread/INFO]: Saving chunks for level 'ServerLevel[New World]'/minecraft:the_end
[16:53:32] [Server thread/INFO]: ThreadedAnvilChunkStorage (world): All chunks are saved
[16:53:32] [Server thread/INFO]: ThreadedAnvilChunkStorage (DIM-1): All chunks are saved
[16:53:32] [Server thread/INFO]: ThreadedAnvilChunkStorage (DIM1): All chunks are saved
[16:53:32] [Server thread/INFO]: ThreadedAnvilChunkStorage: All dimensions are saved
